Tue Oct 26 13:17:30 2021 >>> src/MolecularModeling/Assembly/assemblybuilder.cc:1861 >>> [INFO]: Building assembly from pdb file ...
Tue Oct 26 13:17:30 2021 >>> src/MolecularModeling/Assembly/assemblybuilder.cc:1866 >>> [INFO]: Reading PDB file into PdbFileSpace::PdbFile structure ...
Tue Oct 26 13:17:30 2021 >>> src/InputSet/PdbFileSpace/pdbfile.cc:109 >>> [INFO]: Opening PDB file ...
Tue Oct 26 13:17:30 2021 >>> src/InputSet/PdbFileSpace/pdbfile.cc:4942 >>> [INFO]: End of file
Tue Oct 26 13:17:30 2021 >>> src/MolecularModeling/Assembly/assemblybuilder.cc:1902 >>> [INFO]: Building assembly from pdb file ...
Tue Oct 26 13:17:30 2021 >>> src/MolecularModeling/Assembly/assemblybuilder.cc:1906 >>> [INFO]: Assembly cleared ...
Tue Oct 26 13:17:30 2021 >>> src/MolecularModeling/Assembly/assemblybuilder.cc:1909 >>> [INFO]: Parameter File Created ...
Tue Oct 26 13:17:30 2021 >>> src/MolecularModeling/Assembly/structurebuilder.cc:659 >>> [INFO]: Building structure by distance ...
Tue Oct 26 13:17:30 2021 >>> src/MolecularModeling/Assembly/structurebuilder.cc:381 >>> [ERROR]: The atoms CG_22063_ASN_?_1411_?_?_1 and ND2_22065_ASN_?_1411_?_?_1 were too close together to bond
Tue Oct 26 13:17:30 2021 >>> src/MolecularModeling/Assembly/structurebuilder.cc:381 >>> [ERROR]: The atoms CZ_24703_ARG_?_1583_?_?_1 and NH1_24704_ARG_?_1583_?_?_1 were too close together to bond
Tue Oct 26 13:17:30 2021 >>> /home/oliver/Programs/GLYCAM_Dev_Env/V_2/Web_Programs/gems//gmml/src/InternalPrograms/GlycoproteinBuilder//glycosylationSite.cpp:36 >>> [INFO]: Finding protein residue: ?_1496
Tue Oct 26 13:17:30 2021 >>> /home/oliver/Programs/GLYCAM_Dev_Env/V_2/Web_Programs/gems//gmml/src/InternalPrograms/GlycoproteinBuilder//glycosylationSite.cpp:60 >>> [INFO]: glycosite id:ASN_?_1496_?_?_1

Tue Oct 26 13:17:30 2021 >>> /home/oliver/Programs/GLYCAM_Dev_Env/V_2/Web_Programs/gems//gmml/src/InternalPrograms/GlycoproteinBuilder//glycosylationSite.cpp:38 >>> [INFO]: Setting assembly for residue.
Tue Oct 26 13:17:30 2021 >>> /home/oliver/Programs/GLYCAM_Dev_Env/V_2/Web_Programs/gems//gmml/src/InternalPrograms/GlycoproteinBuilder//glycosylationSite.cpp:40 >>> [INFO]: Determining overlap atoms in protein
Tue Oct 26 13:17:30 2021 >>> /home/oliver/Programs/GLYCAM_Dev_Env/V_2/Web_Programs/gems//gmml/src/InternalPrograms/GlycoproteinBuilder//glycosylationSite.cpp:42 >>> [INFO]: Building glycan!
Tue Oct 26 13:17:30 2021 >>> src/MolecularModeling/Assembly/assemblybuilder.cc:1861 >>> [INFO]: Building assembly from pdb file ...
Tue Oct 26 13:17:30 2021 >>> src/MolecularModeling/Assembly/assemblybuilder.cc:1866 >>> [INFO]: Reading PDB file into PdbFileSpace::PdbFile structure ...
Tue Oct 26 13:17:30 2021 >>> src/MolecularModeling/Assembly/assemblybuilder.cc:1902 >>> [INFO]: Building assembly from pdb file ...
Tue Oct 26 13:17:30 2021 >>> src/MolecularModeling/Assembly/assemblybuilder.cc:1906 >>> [INFO]: Assembly cleared ...
Tue Oct 26 13:17:30 2021 >>> src/MolecularModeling/Assembly/assemblybuilder.cc:1909 >>> [INFO]: Parameter File Created ...
